#
# There is insufficient memory for the Java Runtime Environment to continue.
# Native memory allocation (mmap) failed to map 12288 bytes for committing reserved memory.
# Possible reasons:
#   The system is out of physical RAM or swap space
#   The process is running with CompressedOops enabled, and the Java Heap may be blocking the growth of the native heap
# Possible solutions:
#   Reduce memory load on the system
#   Increase physical memory or swap space
#   Check if swap backing store is full
#   Decrease Java heap size (-Xmx/-Xms)
#   Decrease number of Java threads
#   Decrease Java thread stack sizes (-Xss)
#   Set larger code cache with -XX:ReservedCodeCacheSize=
#   JVM is running with Unscaled Compressed Oops mode in which the Java heap is
#     placed in the first 4GB address space. The Java Heap base address is the
#     maximum limit for the native heap growth. Please use -XX:HeapBaseMinAddress
#     to set the Java Heap base and to place the Java Heap above 4GB virtual address.
# This output file may be truncated or incomplete.
#
#  Out of Memory Error (os_linux.cpp:2756), pid=31706, tid=0x00007fcaf41f9700
#
# JRE version: OpenJDK Runtime Environment (8.0_212-b01) (build 1.8.0_212-8u212-b01-1~deb9u1-b01)
# Java VM: OpenJDK 64-Bit Server VM (25.212-b01 mixed mode linux-amd64 compressed oops)
# Failed to write core dump. Core dumps have been disabled. To enable core dumping, try "ulimit -c unlimited" before starting Java again
#

---------------  T H R E A D  ---------------

Current thread (0x00007fcaf0003000):  JavaThread "RMI TCP Connection(idle)" daemon [_thread_new, id=15498, stack(0x00007fcaf40f9000,0x00007fcaf41fa000)]

Stack: [0x00007fcaf40f9000,0x00007fcaf41fa000],  sp=0x00007fcaf41f8b50,  free space=1022k
Native frames: (J=compiled Java code, j=interpreted, Vv=VM code, C=native code)
V  [libjvm.so+0xa79300]
V  [libjvm.so+0x4cae7c]
V  [libjvm.so+0x8c6e4c]
V  [libjvm.so+0x8be3de]
V  [libjvm.so+0x8c83d7]
V  [libjvm.so+0xa1a8e8]
V  [libjvm.so+0xa1ea0c]
V  [libjvm.so+0x8c4662]
C  [libpthread.so.0+0x7494]  start_thread+0xc4


---------------  P R O C E S S  ---------------

Java Threads: ( => current thread )
=>0x00007fcaf0003000 JavaThread "RMI TCP Connection(idle)" daemon [_thread_new, id=15498, stack(0x00007fcaf40f9000,0x00007fcaf41fa000)]
  0x00007fcaf0001800 JavaThread "RMI TCP Connection(590)-127.0.0.1" daemon [_thread_in_native, id=14857, stack(0x00007fcae5158000,0x00007fcae5259000)]
  0x00007fcac8032000 JavaThread "http-nio-8080-Acceptor-0" daemon [_thread_in_native, id=9474, stack(0x00007fcae4e55000,0x00007fcae4f56000)]
  0x00007fcac8030800 JavaThread "http-nio-8080-ClientPoller-1" daemon [_thread_in_native, id=9473, stack(0x00007fcae4c53000,0x00007fcae4d54000)]
  0x00007fcac8057000 JavaThread "http-nio-8080-ClientPoller-0" daemon [_thread_in_native, id=9472, stack(0x00007fcabbeff000,0x00007fcabc000000)]
  0x00007fcac8056000 JavaThread "http-nio-8080-exec-10" daemon [_thread_blocked, id=9471, stack(0x00007fcae6c61000,0x00007fcae6d62000)]
  0x00007fcac8039000 JavaThread "http-nio-8080-exec-9" daemon [_thread_blocked, id=9470, stack(0x00007fcae565d000,0x00007fcae575e000)]
  0x00007fcac8038000 JavaThread "http-nio-8080-exec-8" daemon [_thread_blocked, id=9469, stack(0x00007fcae5057000,0x00007fcae5158000)]
  0x00007fcac8055000 JavaThread "http-nio-8080-exec-7" daemon [_thread_blocked, id=9468, stack(0x00007fcae4b52000,0x00007fcae4c53000)]
  0x00007fcac8054800 JavaThread "http-nio-8080-exec-6" daemon [_thread_blocked, id=9467, stack(0x00007fcae4a51000,0x00007fcae4b52000)]
  0x00007fcac80a3800 JavaThread "http-nio-8080-exec-5" daemon [_thread_blocked, id=9466, stack(0x00007fcb40eba000,0x00007fcb40fbb000)]
  0x00007fcac8074800 JavaThread "http-nio-8080-exec-4" daemon [_thread_blocked, id=9465, stack(0x00007fcae5259000,0x00007fcae535a000)]
  0x00007fcac809a800 JavaThread "http-nio-8080-exec-3" daemon [_thread_blocked, id=9464, stack(0x00007fcae5b60000,0x00007fcae5c61000)]
  0x00007fcac8099000 JavaThread "http-nio-8080-exec-2" daemon [_thread_blocked, id=9463, stack(0x00007fcae545b000,0x00007fcae555c000)]
  0x00007fcac8098000 JavaThread "http-nio-8080-exec-1" daemon [_thread_blocked, id=9462, stack(0x00007fcb40cb8000,0x00007fcb40db9000)]
  0x00007fcac8077000 JavaThread "NioBlockingSelector.BlockPoller-29" daemon [_thread_in_native, id=9461, stack(0x00007fcae575e000,0x00007fcae585f000)]
  0x00007fcac8076000 JavaThread "File Watcher" daemon [_thread_blocked, id=9460, stack(0x00007fcae4d54000,0x00007fcae4e55000)]
  0x00007fcac80a2000 JavaThread "HikariPool-30 housekeeper" daemon [_thread_blocked, id=9449, stack(0x00007fcae6f62000,0x00007fcae7063000)]
  0x00007fcac803c000 JavaThread "container-1" [_thread_blocked, id=9446, stack(0x00007fcae555c000,0x00007fcae565d000)]
  0x00007fcac8048800 JavaThread "Catalina-utility-2" [_thread_blocked, id=9445, stack(0x00007fcae7063000,0x00007fcae7164000)]
  0x00007fcac803e000 JavaThread "Catalina-utility-1" [_thread_blocked, id=9444, stack(0x00007fcae4f56000,0x00007fcae5057000)]
  0x00007fcb0001f000 JavaThread "File Watcher" daemon [_thread_blocked, id=32329, stack(0x00007fcaf43fb000,0x00007fcaf44fc000)]
  0x00007fcb5400f000 JavaThread "DestroyJavaVM" [_thread_blocked, id=31711, stack(0x00007fcb5af69000,0x00007fcb5b06a000)]
  0x00007fcb04872800 JavaThread "Live Reload Server" daemon [_thread_in_native, id=31758, stack(0x00007fcae5a5f000,0x00007fcae5b60000)]
  0x00007fcae800a000 JavaThread "JMX server connection timeout 18" daemon [_thread_blocked, id=31736, stack(0x00007fcaf4afc000,0x00007fcaf4bfd000)]
  0x00007fcae8007800 JavaThread "RMI Scheduler(0)" daemon [_thread_blocked, id=31735, stack(0x00007fcaf4bfd000,0x00007fcaf4cfe000)]
  0x00007fcafc050800 JavaThread "RMI TCP Accept-0" daemon [_thread_in_native, id=31732, stack(0x00007fcb4007e000,0x00007fcb4017f000)]
  0x00007fcb18001000 JavaThread "Attach Listener" daemon [_thread_blocked, id=31729, stack(0x00007fcb40bb7000,0x00007fcb40cb8000)]
  0x00007fcb540d4800 JavaThread "Service Thread" daemon [_thread_blocked, id=31723, stack(0x00007fcb41424000,0x00007fcb41525000)]
  0x00007fcb540c1000 JavaThread "C1 CompilerThread2" daemon [_thread_blocked, id=31722, stack(0x00007fcb41525000,0x00007fcb41626000)]
  0x00007fcb540bf800 JavaThread "C2 CompilerThread1" daemon [_thread_in_native, id=31721, stack(0x00007fcb41626000,0x00007fcb41727000)]
  0x00007fcb540bc800 JavaThread "C2 CompilerThread0" daemon [_thread_blocked, id=31720, stack(0x00007fcb41727000,0x00007fcb41828000)]
  0x00007fcb540bb000 JavaThread "Signal Dispatcher" daemon [_thread_blocked, id=31719, stack(0x00007fcb41828000,0x00007fcb41929000)]
  0x00007fcb54088800 JavaThread "Finalizer" daemon [_thread_blocked, id=31718, stack(0x00007fcb41ac4000,0x00007fcb41bc5000)]
  0x00007fcb54086000 JavaThread "Reference Handler" daemon [_thread_blocked, id=31717, stack(0x00007fcb41bc5000,0x00007fcb41cc6000)]

Other Threads:
  0x00007fcb5407c800 VMThread [stack: 0x00007fcb41cc6000,0x00007fcb41dc7000] [id=31716]
  0x00007fcb540d7000 WatcherThread [stack: 0x00007fcb41323000,0x00007fcb41424000] [id=31724]

VM state:not at safepoint (normal execution)

VM Mutex/Monitor currently owned by a thread: None

heap address: 0x0000000084a00000, size: 1974 MB, Compressed Oops mode: 32-bit
Narrow klass base: 0x0000000000000000, Narrow klass shift: 3
Compressed class space size: 1073741824 Address: 0x0000000100000000

Heap:
 PSYoungGen      total 188928K, used 64181K [0x00000000d6e00000, 0x00000000e4800000, 0x0000000100000000)
  eden space 179712K, 30% used [0x00000000d6e00000,0x00000000da400be8,0x00000000e1d80000)
  from space 9216K, 96% used [0x00000000e3780000,0x00000000e402c890,0x00000000e4080000)
  to   space 7680K, 0% used [0x00000000e4080000,0x00000000e4080000,0x00000000e4800000)
 ParOldGen       total 133120K, used 30840K [0x0000000084a00000, 0x000000008cc00000, 0x00000000d6e00000)
  object space 133120K, 23% used [0x0000000084a00000,0x000000008681e020,0x000000008cc00000)
 Metaspace       used 79662K, capacity 85142K, committed 85464K, reserved 1124352K
  class space    used 9800K, capacity 10906K, committed 11008K, reserved 1048576K

Card table byte_map: [0x00007fcb4423d000,0x00007fcb44619000] byte_map_base: 0x00007fcb43e18000

Marking Bits: (ParMarkBitMap*) 0x00007fcb5a2605a0
 Begin Bits: [0x00007fcb30250000, 0x00007fcb32128000)
 End Bits:   [0x00007fcb32128000, 0x00007fcb34000000)

Polling page: 0x00007fcb5b084000

CodeCache: size=245760Kb used=47318Kb max_used=47318Kb free=198441Kb
 bounds [0x00007fcb449d9000, 0x00007fcb47879000, 0x00007fcb539d9000]
 total_blobs=13473 nmethods=12901 adapters=483
 compilation: enabled

Compilation events (10 events):
Event: 33638,335 Thread 0x00007fcb540c1000 17190   !   3       java.util.concurrent.ThreadPoolExecutor::getTask (179 bytes)
Event: 33646,032 Thread 0x00007fcb540bf800 nmethod 17191 0x00007fcb467a0c10 code [0x00007fcb467a0d60, 0x00007fcb467a0f78]
Event: 33655,233 Thread 0x00007fcb540c1000 nmethod 17190 0x00007fcb47864a90 code [0x00007fcb47864ce0, 0x00007fcb47865e38]
Event: 33677,630 Thread 0x00007fcb540bf800 17192   !   4       java.net.AbstractPlainSocketImpl::isConnectionReset (31 bytes)
Event: 33708,102 Thread 0x00007fcb540bf800 nmethod 17192 0x00007fcb477f3350 code [0x00007fcb477f34a0, 0x00007fcb477f36d8]
Event: 33841,819 Thread 0x00007fcb540c1000 17193   !   3       java.net.SocketInputStream::read (328 bytes)
Event: 33843,751 Thread 0x00007fcb540bc800 17194       4       sun.security.provider.SecureRandom::updateState (81 bytes)
Event: 33877,977 Thread 0x00007fcb540bc800 nmethod 17194 0x00007fcb477fc190 code [0x00007fcb477fc2e0, 0x00007fcb477fc4d8]
Event: 33903,523 Thread 0x00007fcb540c1000 nmethod 17193 0x00007fcb4786c990 code [0x00007fcb4786cd80, 0x00007fcb4786fbf8]
Event: 34537,507 Thread 0x00007fcb540bf800 17195   !   4       java.io.ObjectStreamClass::lookup (335 bytes)

GC Heap History (10 events):
Event: 24468,658 GC heap before
{Heap before GC invocations=96 (full 31):
 PSYoungGen      total 220672K, used 220379K [0x00000000d6e00000, 0x00000000e6380000, 0x0000000100000000)
  eden space 212480K, 100% used [0x00000000d6e00000,0x00000000e3d80000,0x00000000e3d80000)
  from space 8192K, 96% used [0x00000000e5b80000,0x00000000e6336c20,0x00000000e6380000)
  to   space 13824K, 0% used [0x00000000e4880000,0x00000000e4880000,0x00000000e5600000)
 ParOldGen       total 133120K, used 30816K [0x0000000084a00000, 0x000000008cc00000, 0x00000000d6e00000)
  object space 133120K, 23% used [0x0000000084a00000,0x0000000086818020,0x000000008cc00000)
 Metaspace       used 79605K, capacity 85142K, committed 85464K, reserved 1124352K
  class space    used 9796K, capacity 10906K, committed 11008K, reserved 1048576K
Event: 24472,499 GC heap after
Heap after GC invocations=96 (full 31):
 PSYoungGen      total 213504K, used 7850K [0x00000000d6e00000, 0x00000000e5c00000, 0x0000000100000000)
  eden space 205312K, 0% used [0x00000000d6e00000,0x00000000d6e00000,0x00000000e3680000)
  from space 8192K, 95% used [0x00000000e4880000,0x00000000e502a9f0,0x00000000e5080000)
  to   space 11776K, 0% used [0x00000000e5080000,0x00000000e5080000,0x00000000e5c00000)
 ParOldGen       total 133120K, used 30824K [0x0000000084a00000, 0x000000008cc00000, 0x00000000d6e00000)
  object space 133120K, 23% used [0x0000000084a00000,0x000000008681a020,0x000000008cc00000)
 Metaspace       used 79605K, capacity 85142K, committed 85464K, reserved 1124352K
  class space    used 9796K, capacity 10906K, committed 11008K, reserved 1048576K
}
Event: 26322,475 GC heap before
{Heap before GC invocations=97 (full 31):
 PSYoungGen      total 213504K, used 213162K [0x00000000d6e00000, 0x00000000e5c00000, 0x0000000100000000)
  eden space 205312K, 100% used [0x00000000d6e00000,0x00000000e3680000,0x00000000e3680000)
  from space 8192K, 95% used [0x00000000e4880000,0x00000000e502a9f0,0x00000000e5080000)
  to   space 11776K, 0% used [0x00000000e5080000,0x00000000e5080000,0x00000000e5c00000)
 ParOldGen       total 133120K, used 30824K [0x0000000084a00000, 0x000000008cc00000, 0x00000000d6e00000)
  object space 133120K, 23% used [0x0000000084a00000,0x000000008681a020,0x000000008cc00000)
 Metaspace       used 79611K, capacity 85142K, committed 85464K, reserved 1124352K
  class space    used 9796K, capacity 10906K, committed 11008K, reserved 1048576K
Event: 26322,550 GC heap after
Heap after GC invocations=97 (full 31):
 PSYoungGen      total 206848K, used 7899K [0x00000000d6e00000, 0x00000000e5880000, 0x0000000100000000)
  eden space 198656K, 0% used [0x00000000d6e00000,0x00000000d6e00000,0x00000000e3000000)
  from space 8192K, 96% used [0x00000000e5080000,0x00000000e5836c20,0x00000000e5880000)
  to   space 12800K, 0% used [0x00000000e3f80000,0x00000000e3f80000,0x00000000e4c00000)
 ParOldGen       total 133120K, used 30832K [0x0000000084a00000, 0x000000008cc00000, 0x00000000d6e00000)
  object space 133120K, 23% used [0x0000000084a00000,0x000000008681c020,0x000000008cc00000)
 Metaspace       used 79611K, capacity 85142K, committed 85464K, reserved 1124352K
  class space    used 9796K, capacity 10906K, committed 11008K, reserved 1048576K
}
Event: 28812,772 GC heap before
{Heap before GC invocations=98 (full 31):
 PSYoungGen      total 206848K, used 206555K [0x00000000d6e00000, 0x00000000e5880000, 0x0000000100000000)
  eden space 198656K, 100% used [0x00000000d6e00000,0x00000000e3000000,0x00000000e3000000)
  from space 8192K, 96% used [0x00000000e5080000,0x00000000e5836c20,0x00000000e5880000)
  to   space 12800K, 0% used [0x00000000e3f80000,0x00000000e3f80000,0x00000000e4c00000)
 ParOldGen       total 133120K, used 30832K [0x0000000084a00000, 0x000000008cc00000, 0x00000000d6e00000)
  object space 133120K, 23% used [0x0000000084a00000,0x000000008681c020,0x000000008cc00000)
 Metaspace       used 79613K, capacity 85142K, committed 85464K, reserved 1124352K
  class space    used 9796K, capacity 10906K, committed 11008K, reserved 1048576K
Event: 28813,541 GC heap after
Heap after GC invocations=98 (full 31):
 PSYoungGen      total 200192K, used 7900K [0x00000000d6e00000, 0x00000000e5100000, 0x0000000100000000)
  eden space 192000K, 0% used [0x00000000d6e00000,0x00000000d6e00000,0x00000000e2980000)
  from space 8192K, 96% used [0x00000000e3f80000,0x00000000e4737080,0x00000000e4780000)
  to   space 9728K, 0% used [0x00000000e4780000,0x00000000e4780000,0x00000000e5100000)
 ParOldGen       total 133120K, used 30832K [0x0000000084a00000, 0x000000008cc00000, 0x00000000d6e00000)
  object space 133120K, 23% used [0x0000000084a00000,0x000000008681c020,0x000000008cc00000)
 Metaspace       used 79613K, capacity 85142K, committed 85464K, reserved 1124352K
  class space    used 9796K, capacity 10906K, committed 11008K, reserved 1048576K
}
Event: 30371,943 GC heap before
{Heap before GC invocations=99 (full 31):
 PSYoungGen      total 200192K, used 199900K [0x00000000d6e00000, 0x00000000e5100000, 0x0000000100000000)
  eden space 192000K, 100% used [0x00000000d6e00000,0x00000000e2980000,0x00000000e2980000)
  from space 8192K, 96% used [0x00000000e3f80000,0x00000000e4737080,0x00000000e4780000)
  to   space 9728K, 0% used [0x00000000e4780000,0x00000000e4780000,0x00000000e5100000)
 ParOldGen       total 133120K, used 30832K [0x0000000084a00000, 0x000000008cc00000, 0x00000000d6e00000)
  object space 133120K, 23% used [0x0000000084a00000,0x000000008681c020,0x000000008cc00000)
 Metaspace       used 79614K, capacity 85142K, committed 85464K, reserved 1124352K
  class space    used 9796K, capacity 10906K, committed 11008K, reserved 1048576K
Event: 30371,966 GC heap after
Heap after GC invocations=99 (full 31):
 PSYoungGen      total 194048K, used 7931K [0x00000000d6e00000, 0x00000000e4f80000, 0x0000000100000000)
  eden space 185856K, 0% used [0x00000000d6e00000,0x00000000d6e00000,0x00000000e2380000)
  from space 8192K, 96% used [0x00000000e4780000,0x00000000e4f3ec20,0x00000000e4f80000)
  to   space 12288K, 0% used [0x00000000e3780000,0x00000000e3780000,0x00000000e4380000)
 ParOldGen       total 133120K, used 30832K [0x0000000084a00000, 0x000000008cc00000, 0x00000000d6e00000)
  object space 133120K, 23% used [0x0000000084a00000,0x000000008681c020,0x000000008cc00000)
 Metaspace       used 79614K, capacity 85142K, committed 85464K, reserved 1124352K
  class space    used 9796K, capacity 10906K, committed 11008K, reserved 1048576K
}
Event: 33809,954 GC heap before
{Heap before GC invocations=100 (full 31):
 PSYoungGen      total 194048K, used 193787K [0x00000000d6e00000, 0x00000000e4f80000, 0x0000000100000000)
  eden space 185856K, 100% used [0x00000000d6e00000,0x00000000e2380000,0x00000000e2380000)
  from space 8192K, 96% used [0x00000000e4780000,0x00000000e4f3ec20,0x00000000e4f80000)
  to   space 12288K, 0% used [0x00000000e3780000,0x00000000e3780000,0x00000000e4380000)
 ParOldGen       total 133120K, used 30832K [0x0000000084a00000, 0x000000008cc00000, 0x00000000d6e00000)
  object space 133120K, 23% used [0x0000000084a00000,0x000000008681c020,0x000000008cc00000)
 Metaspace       used 79662K, capacity 85142K, committed 85464K, reserved 1124352K
  class space    used 9800K, capacity 10906K, committed 11008K, reserved 1048576K
Event: 33812,066 GC heap after
Heap after GC invocations=100 (full 31):
 PSYoungGen      total 188928K, used 8882K [0x00000000d6e00000, 0x00000000e4800000, 0x0000000100000000)
  eden space 179712K, 0% used [0x00000000d6e00000,0x00000000d6e00000,0x00000000e1d80000)
  from space 9216K, 96% used [0x00000000e3780000,0x00000000e402c890,0x00000000e4080000)
  to   space 7680K, 0% used [0x00000000e4080000,0x00000000e4080000,0x00000000e4800000)
 ParOldGen       total 133120K, used 30840K [0x0000000084a00000, 0x000000008cc00000, 0x00000000d6e00000)
  object space 133120K, 23% used [0x0000000084a00000,0x000000008681e020,0x000000008cc00000)
 Metaspace       used 79662K, capacity 85142K, committed 85464K, reserved 1124352K
  class space    used 9800K, capacity 10906K, committed 11008K, reserved 1048576K
}

Deoptimization events (10 events):
Event: 15260,068 Thread 0x00007fcad8143800 Uncommon trap: reason=null_check action=make_not_entrant pc=0x00007fcb4761fff8 method=org.springframework.beans.factory.support.DisposableBeanAdapter.hasDestroyMethod(Ljava/lang/Object;Lorg/springframework/beans/factory/support/RootBeanDefinition;)Z @ 24
Event: 27366,612 Thread 0x00007fcac803e000 Uncommon trap: reason=unstable_if action=reinterpret pc=0x00007fcb46810758 method=java.util.concurrent.locks.AbstractQueuedSynchronizer.isOnSyncQueue(Ljava/util/concurrent/locks/AbstractQueuedSynchronizer$Node;)Z @ 22
Event: 30845,433 Thread 0x00007fcac8048800 Uncommon trap: reason=unstable_if action=reinterpret pc=0x00007fcb468089f4 method=java.util.concurrent.locks.AbstractQueuedSynchronizer.isOnSyncQueue(Ljava/util/concurrent/locks/AbstractQueuedSynchronizer$Node;)Z @ 22
Event: 31807,775 Thread 0x00007fcac80a2000 Uncommon trap: reason=class_check action=maybe_recompile pc=0x00007fcb4520ecfc method=java.util.concurrent.TimeUnit$1.convert(JLjava/util/concurrent/TimeUnit;)J @ 2
Event: 31807,890 Thread 0x00007fcac80a2000 Uncommon trap: reason=class_check action=maybe_recompile pc=0x00007fcb4520ecfc method=java.util.concurrent.TimeUnit$1.convert(JLjava/util/concurrent/TimeUnit;)J @ 2
Event: 31807,942 Thread 0x00007fcac80a2000 Uncommon trap: reason=class_check action=maybe_recompile pc=0x00007fcb4520ecfc method=java.util.concurrent.TimeUnit$1.convert(JLjava/util/concurrent/TimeUnit;)J @ 2
Event: 31808,050 Thread 0x00007fcac80a2000 Uncommon trap: reason=unstable_if action=reinterpret pc=0x00007fcb44b1dae0 method=sun.nio.cs.UTF_8$Encoder.encode([CII[B)I @ 33
Event: 33534,502 Thread 0x00007fcabc024800 Uncommon trap: reason=unloaded action=reinterpret pc=0x00007fcb4546b448 method=java.net.SocketInputStream.read([BIII)I @ 151
Event: 33550,058 Thread 0x00007fcabc024800 Uncommon trap: reason=null_assert action=make_not_entrant pc=0x00007fcb474775b8 method=java.net.SocketOutputStream.socketWrite([BII)V @ 99
Event: 33588,370 Thread 0x00007fcac8048800 Uncommon trap: reason=unstable_if action=reinterpret pc=0x00007fcb47833a48 method=java.util.concurrent.locks.AbstractQueuedSynchronizer.findNodeFromTail(Ljava/util/concurrent/locks/AbstractQueuedSynchronizer$Node;)Z @ 7

Classes redefined (0 events):
No events

Internal exceptions (10 events):
Event: 15385,598 Thread 0x00007fcad8143800 Exception <a 'java/lang/ClassNotFoundException': org/springframework/beans/factory/AwareCustomizer> (0x00000000e0c05a00) thrown at [/home/jmm/jdk/openjdk-8-8u212-b01/src/hotspot/src/share/vm/classfile/systemDictionary.cpp, line 210]
Event: 15385,598 Thread 0x00007fcad8143800 Exception <a 'java/lang/ClassNotFoundException': org/springframework/security/config/annotation/web/WebSecurityConfigurerCustomizer> (0x00000000e0c254b8) thrown at [/home/jmm/jdk/openjdk-8-8u212-b01/src/hotspot/src/share/vm/classfile/systemDictionary.cpp,
Event: 15385,599 Thread 0x00007fcad8143800 Exception <a 'java/lang/ClassNotFoundException': org/springframework/security/config/annotation/SecurityConfigurerCustomizer> (0x00000000e0c43e80) thrown at [/home/jmm/jdk/openjdk-8-8u212-b01/src/hotspot/src/share/vm/classfile/systemDictionary.cpp, line 2
Event: 15385,663 Thread 0x00007fcad8143800 Exception <a 'java/lang/ClassNotFoundException': java/lang/ObjectCustomizer> (0x00000000e162d358) thrown at [/home/jmm/jdk/openjdk-8-8u212-b01/src/hotspot/src/share/vm/classfile/systemDictionary.cpp, line 210]
Event: 15385,663 Thread 0x00007fcad8143800 Exception <a 'java/lang/ClassNotFoundException': com/restful/api/models/UsuarioCustomizer> (0x00000000e1647048) thrown at [/home/jmm/jdk/openjdk-8-8u212-b01/src/hotspot/src/share/vm/classfile/systemDictionary.cpp, line 210]
Event: 15385,676 Thread 0x00007fcad8143800 Exception <a 'java/lang/reflect/InvocationTargetException'> (0x00000000e170b858) thrown at [/home/jmm/jdk/openjdk-8-8u212-b01/src/hotspot/src/share/vm/runtime/reflection.cpp, line 1092]
Event: 15386,146 Thread 0x00007fcad8143800 Exception <a 'java/lang/ClassNotFoundException': org/springframework/security/core/userdetails/UserDetailsBeanInfo> (0x00000000e4fb6a08) thrown at [/home/jmm/jdk/openjdk-8-8u212-b01/src/hotspot/src/share/vm/classfile/systemDictionary.cpp, line 210]
Event: 15386,146 Thread 0x00007fcad8143800 Exception <a 'java/lang/ClassNotFoundException': org/springframework/security/core/userdetails/UserDetailsCustomizer> (0x00000000e4fd26b0) thrown at [/home/jmm/jdk/openjdk-8-8u212-b01/src/hotspot/src/share/vm/classfile/systemDictionary.cpp, line 210]
Event: 33533,661 Thread 0x00007fcabc024800 Exception <a 'sun/net/ConnectionResetException': Connection reset> (0x00000000e0b8bb88) thrown at [/home/jmm/jdk/openjdk-8-8u212-b01/src/hotspot/src/share/vm/prims/jni.cpp, line 736]
Event: 33549,496 Thread 0x00007fcabc024800 Exception <a 'java/net/SocketException'> (0x00000000e0b8c7c8) thrown at [/home/jmm/jdk/openjdk-8-8u212-b01/src/hotspot/src/share/vm/prims/jni.cpp, line 710]

Events (10 events):
Event: 33818,021 Executing VM operation: RevokeBias done
Event: 33818,021 Executing VM operation: RevokeBias
Event: 33818,021 Executing VM operation: RevokeBias done
Event: 33818,021 Executing VM operation: BulkRevokeBias
Event: 33818,022 Executing VM operation: BulkRevokeBias done
Event: 33878,283 Thread 0x00007fcb540bc800 flushing nmethod 0x00007fcb44e1ab50
Event: 33994,376 Executing VM operation: RevokeBias
Event: 33994,944 Executing VM operation: RevokeBias done
Event: 33995,024 Thread 0x00007fcabc024800 Thread exited: 0x00007fcabc024800
Event: 34874,571 Thread 0x00007fcaf0003000 Thread added: 0x00007fcaf0003000


Dynamic libraries:
84a00000-8cc00000 rw-p 00000000 00:00 0 
8cc00000-d6e00000 ---p 00000000 00:00 0 
d6e00000-e4800000 rw-p 00000000 00:00 0 
e4800000-ef900000 ---p 00000000 00:00 0 
ef900000-100000000 ---p 00000000 00:00 0 
100000000-100ac0000 rw-p 00000000 00:00 0 
100ac0000-140000000 ---p 00000000 00:00 0 
55f2d2355000-55f2d2356000 r-xp 00000000 08:05 2490543                    /usr/lib/jvm/java-8-openjdk-amd64/jre/bin/java
55f2d2555000-55f2d2556000 r--p 00000000 08:05 2490543                    /usr/lib/jvm/java-8-openjdk-amd64/jre/bin/java
55f2d2556000-55f2d2557000 rw-p 00001000 08:05 2490543                    /usr/lib/jvm/java-8-openjdk-amd64/jre/bin/java
55f2d4147000-55f2d45a5000 rw-p 00000000 00:00 0                          [heap]
7fcabb6ff000-7fcabb7bf000 rw-p 00000000 00:00 0 
7fcabb7bf000-7fcabb8ff000 ---p 00000000 00:00 0 
7fcabb8ff000-7fcabbaff000 rw-p 00000000 00:00 0 
7fcabbaff000-7fcabbcff000 rw-p 00000000 00:00 0 
7fcabbcff000-7fcabbeff000 rw-p 00000000 00:00 0 
7fcabbeff000-7fcabbf02000 ---p 00000000 00:00 0 
7fcabbf02000-7fcabc000000 rw-p 00000000 00:00 0 
7fcabc000000-7fcabc11a000 rw-p 00000000 00:00 0 
7fcabc11a000-7fcac0000000 ---p 00000000 00:00 0 
7fcac0000000-7fcac04bc000 rw-p 00000000 00:00 0 
7fcac04bc000-7fcac4000000 ---p 00000000 00:00 0 
7fcac4000000-7fcac4021000 rw-p 00000000 00:00 0 
7fcac4021000-7fcac8000000 ---p 00000000 00:00 0 
7fcac8000000-7fcac822c000 rw-p 00000000 00:00 0 
7fcac822c000-7fcacc000000 ---p 00000000 00:00 0 
7fcacc000000-7fcacc0e9000 rw-p 00000000 00:00 0 
7fcacc0e9000-7fcad0000000 ---p 00000000 00:00 0 
7fcad0000000-7fcad0216000 rw-p 00000000 00:00 0 
7fcad0216000-7fcad4000000 ---p 00000000 00:00 0 
7fcad4000000-7fcad4149000 rw-p 00000000 00:00 0 
7fcad4149000-7fcad8000000 ---p 00000000 00:00 0 
7fcad8000000-7fcad822b000 rw-p 00000000 00:00 0 
7fcad822b000-7fcadc000000 ---p 00000000 00:00 0 
7fcadc000000-7fcadc14c000 rw-p 00000000 00:00 0 
7fcadc14c000-7fcae0000000 ---p 00000000 00:00 0 
7fcae0000000-7fcae0021000 rw-p 00000000 00:00 0 
7fcae0021000-7fcae4000000 ---p 00000000 00:00 0 
7fcae4051000-7fcae4251000 rw-p 00000000 00:00 0 
7fcae4251000-7fcae4451000 rw-p 00000000 00:00 0 
7fcae4451000-7fcae4651000 rw-p 00000000 00:00 0 
7fcae4651000-7fcae4851000 rw-p 00000000 00:00 0 
7fcae4851000-7fcae4a51000 rw-p 00000000 00:00 0 
7fcae4a51000-7fcae4a54000 ---p 00000000 00:00 0 
7fcae4a54000-7fcae4b52000 rw-p 00000000 00:00 0 
7fcae4b52000-7fcae4b55000 ---p 00000000 00:00 0 
7fcae4b55000-7fcae4c53000 rw-p 00000000 00:00 0 
7fcae4c53000-7fcae4c56000 ---p 00000000 00:00 0 
7fcae4c56000-7fcae4d54000 rw-p 00000000 00:00 0 
7fcae4d54000-7fcae4d57000 ---p 00000000 00:00 0 
7fcae4d57000-7fcae4e55000 rw-p 00000000 00:00 0 
7fcae4e55000-7fcae4e58000 ---p 00000000 00:00 0 
7fcae4e58000-7fcae4f56000 rw-p 00000000 00:00 0 
7fcae4f56000-7fcae4f59000 ---p 00000000 00:00 0 
7fcae4f59000-7fcae5057000 rw-p 00000000 00:00 0 
7fcae5057000-7fcae505a000 ---p 00000000 00:00 0 
7fcae505a000-7fcae5158000 rw-p 00000000 00:00 0 
7fcae5158000-7fcae515b000 ---p 00000000 00:00 0 
7fcae515b000-7fcae5259000 rw-p 00000000 00:00 0 
7fcae5259000-7fcae525c000 ---p 00000000 00:00 0 
7fcae525c000-7fcae535a000 rw-p 00000000 00:00 0 
7fcae535a000-7fcae535d000 ---p 00000000 00:00 0 
7fcae535d000-7fcae545b000 rw-p 00000000 00:00 0 
7fcae545b000-7fcae545e000 ---p 00000000 00:00 0 
7fcae545e000-7fcae555c000 rw-p 00000000 00:00 0 
7fcae555c000-7fcae555f000 ---p 00000000 00:00 0 
7fcae555f000-7fcae565d000 rw-p 00000000 00:00 0 
7fcae565d000-7fcae5660000 ---p 00000000 00:00 0 
7fcae5660000-7fcae575e000 rw-p 00000000 00:00 0 
7fcae575e000-7fcae5761000 ---p 00000000 00:00 0 
7fcae5761000-7fcae585f000 rw-p 00000000 00:00 0 
7fcae585f000-7fcae5a5f000 rw-p 00000000 00:00 0 
7fcae5a5f000-7fcae5a62000 ---p 00000000 00:00 0 
7fcae5a62000-7fcae5b60000 rw-p 00000000 00:00 0 
7fcae5b60000-7fcae5b63000 ---p 00000000 00:00 0 
7fcae5b63000-7fcae5c61000 rw-p 00000000 00:00 0 
7fcae5c61000-7fcae5e61000 rw-p 00000000 00:00 0 
7fcae5e61000-7fcae6061000 rw-p 00000000 00:00 0 
7fcae6061000-7fcae6261000 rw-p 00000000 00:00 0 
7fcae6261000-7fcae6461000 rw-p 00000000 00:00 0 
7fcae6461000-7fcae6661000 rw-p 00000000 00:00 0 
7fcae6661000-7fcae6861000 rw-p 00000000 00:00 0 
7fcae6861000-7fcae6a61000 rw-p 00000000 00:00 0 
7fcae6a61000-7fcae6c61000 rw-p 00000000 00:00 0 
7fcae6c61000-7fcae6c64000 ---p 00000000 00:00 0 
7fcae6c64000-7fcae6d62000 rw-p 00000000 00:00 0 
7fcae6d62000-7fcae6f62000 rw-p 00000000 00:00 0 
7fcae6f62000-7fcae6f65000 ---p 00000000 00:00 0 
7fcae6f65000-7fcae7063000 rw-p 00000000 00:00 0 
7fcae7063000-7fcae7066000 ---p 00000000 00:00 0 
7fcae7066000-7fcae7164000 rw-p 00000000 00:00 0 
7fcae7164000-7fcae7364000 rw-p 00000000 00:00 0 
7fcae7364000-7fcae738c000 r-xp 00000000 08:05 2490586                    /usr/lib/jvm/java-8-openjdk-amd64/jre/lib/amd64/libsunec.so
7fcae738c000-7fcae758b000 ---p 00028000 08:05 2490586                    /usr/lib/jvm/java-8-openjdk-amd64/jre/lib/amd64/libsunec.so
7fcae758b000-7fcae758f000 r--p 00027000 08:05 2490586                    /usr/lib/jvm/java-8-openjdk-amd64/jre/lib/amd64/libsunec.so
7fcae758f000-7fcae7590000 rw-p 0002b000 08:05 2490586                    /usr/lib/jvm/java-8-openjdk-amd64/jre/lib/amd64/libsunec.so
7fcae7590000-7fcae7790000 rw-p 00000000 00:00 0 
7fcae7790000-7fcae7990000 rw-p 00000000 00:00 0 
7fcae7990000-7fcae7b86000 rw-p 00000000 00:00 0 
7fcae7b86000-7fcae7b90000 ---p 00000000 00:00 0 
7fcae7b90000-7fcae7d90000 rw-p 00000000 00:00 0 
7fcae7e00000-7fcae8000000 rw-p 00000000 00:00 0 
7fcae8000000-7fcae8145000 rw-p 00000000 00:00 0 
7fcae8145000-7fcaec000000 ---p 00000000 00:00 0 
7fcaec000000-7fcaec021000 rw-p 00000000 00:00 0 
7fcaec021000-7fcaf0000000 ---p 00000000 00:00 0 
7fcaf0000000-7fcaf0021000 rw-p 00000000 00:00 0 
7fcaf0021000-7fcaf4000000 ---p 00000000 00:00 0 
7fcaf40fc000-7fcaf41fa000 rw-p 00000000 00:00 0 
7fcaf41fa000-7fcaf43fa000 rw-p 00000000 00:00 0 
7fcaf43fb000-7fcaf43fe000 ---p 00000000 00:00 0 
7fcaf43fe000-7fcaf44fc000 rw-p 00000000 00:00 0 
7fcaf44fc000-7fcaf46fc000 rw-p 00000000 00:00 0 
7fcaf46fc000-7fcaf48fc000 rw-p 00000000 00:00 0 
7fcaf48fc000-7fcaf4afc000 rw-p 00000000 00:00 0 
7fcaf4afc000-7fcaf4aff000 ---p 00000000 00:00 0 
7fcaf4aff000-7fcaf4bfd000 rw-p 00000000 00:00 0 
7fcaf4bfd000-7fcaf4c00000 ---p 00000000 00:00 0 
7fcaf4c00000-7fcaf4cfe000 rw-p 00000000 00:00 0 
7fcaf4cfe000-7fcaf4efe000 rw-p 00000000 00:00 0 
7fcaf4efe000-7fcaf4f01000 ---p 00000000 00:00 0 
7fcaf4f01000-7fcaf8000000 rw-p 00000000 00:00 0 
7fcaf8000000-7fcaf8484000 rw-p 00000000 00:00 0 
7fcaf8484000-7fcafc000000 ---p 00000000 00:00 0 
7fcafc000000-7fcafc080000 rw-p 00000000 00:00 0 
7fcafc080000-7fcb00000000 ---p 00000000 00:00 0 
7fcb00000000-7fcb001b4000 rw-p 00000000 00:00 0 
7fcb001b4000-7fcb04000000 ---p 00000000 00:00 0 
7fcb04000000-7fcb05833000 rw-p 00000000 00:00 0 
7fcb05833000-7fcb08000000 ---p 00000000 00:00 0 
7fcb08000000-7fcb08124000 rw-p 00000000 00:00 0 
7fcb08124000-7fcb0c000000 ---p 00000000 00:00 0 
7fcb0c000000-7fcb0c04f000 rw-p 00000000 00:00 0 
7fcb0c04f000-7fcb10000000 ---p 00000000 00:00 0 
7fcb10000000-7fcb12b23000 rw-p 00000000 00:00 0 
7fcb12b23000-7fcb14000000 ---p 00000000 00:00 0 
7fcb14000000-7fcb154b4000 rw-p 00000000 00:00 0 
7fcb154b4000-7fcb18000000 ---p 00000000 00:00 0 
7fcb18000000-7fcb18021000 rw-p 00000000 00:00 0 
7fcb18021000-7fcb1c000000 ---p 00000000 00:00 0 
7fcb1c000000-7fcb1e722000 rw-p 00000000 00:00 0 
7fcb1e722000-7fcb20000000 ---p 00000000 00:00 0 
7fcb20000000-7fcb20021000 rw-p 00000000 00:00 0 
7fcb20021000-7fcb24000000 ---p 00000000 00:00 0 
7fcb24000000-7fcb2410d000 rw-p 00000000 00:00 0 
7fcb2410d000-7fcb28000000 ---p 00000000 00:00 0 
7fcb28000000-7fcb2822c000 rw-p 00000000 00:00 0 
7fcb2822c000-7fcb2c000000 ---p 00000000 00:00 0 
7fcb2c000000-7fcb2c03c000 rw-p 00000000 00:00 0 
7fcb2c03c000-7fcb30000000 ---p 00000000 00:00 0 
7fcb30050000-7fcb34000000 rw-p 00000000 00:00 0 
7fcb34000000-7fcb34032000 rw-p 00000000 00:00 0 
7fcb34032000-7fcb38000000 ---p 00000000 00:00 0 
7fcb38000000-7fcb38021000 rw-p 00000000 00:00 0 
7fcb38021000-7fcb3c000000 ---p 00000000 00:00 0 
7fcb3c000000-7fcb3c136000 rw-p 00000000 00:00 0 
7fcb3c136000-7fcb40000000 ---p 00000000 00:00 0 
7fcb40077000-7fcb40079000 r--s 00016000 08:05 2490624                    /usr/lib/jvm/java-8-openjdk-amd64/jre/lib/jce.jar
7fcb40079000-7fcb4007e000 r--s 002f9000 08:05 2490593                    /usr/lib/jvm/java-8-openjdk-amd64/jre/lib/charsets.jar
7fcb4007e000-7fcb40081000 ---p 00000000 00:00 0 
7fcb40081000-7fcb4017f000 rw-p 00000000 00:00 0 
7fcb4017f000-7fcb40183000 r--s 000a1000 08:05 2490626                    /usr/lib/jvm/java-8-openjdk-amd64/jre/lib/jsse.jar
7fcb40183000-7fcb40194000 r-xp 00000000 08:05 2490582                    /usr/lib/jvm/java-8-openjdk-amd64/jre/lib/amd64/libnio.so
7fcb40194000-7fcb40393000 ---p 00011000 08:05 2490582                    /usr/lib/jvm/java-8-openjdk-amd64/jre/lib/amd64/libnio.so
7fcb40393000-7fcb40394000 r--p 00010000 08:05 2490582                    /usr/lib/jvm/java-8-openjdk-amd64/jre/lib/amd64/libnio.so
7fcb40394000-7fcb40395000 rw-p 00011000 08:05 2490582                    /usr/lib/jvm/java-8-openjdk-amd64/jre/lib/amd64/libnio.so
7fcb40395000-7fcb403ac000 r-xp 00000000 08:05 2490581                    /usr/lib/jvm/java-8-openjdk-amd64/jre/lib/amd64/libnet.so
7fcb403ac000-7fcb405ab000 ---p 00017000 08:05 2490581                    /usr/lib/jvm/java-8-openjdk-amd64/jre/lib/amd64/libnet.so
7fcb405ab000-7fcb405ac000 r--p 00016000 08:05 2490581                    /usr/lib/jvm/java-8-openjdk-amd64/jre/lib/amd64/libnet.so
7fcb405ac000-7fcb405ad000 rw-p 00017000 08:05 2490581                    /usr/lib/jvm/java-8-openjdk-amd64/jre/lib/amd64/libnet.so
7fcb405ad000-7fcb405b6000 r-xp 00000000 08:05 2490579                    /usr/lib/jvm/java-8-openjdk-amd64/jre/lib/amd64/libmanagement.so
7fcb405b6000-7fcb407b5000 ---p 00009000 08:05 2490579                    /usr/lib/jvm/java-8-openjdk-amd64/jre/lib/amd64/libmanagement.so
7fcb407b5000-7fcb407b6000 r--p 00008000 08:05 2490579                    /usr/lib/jvm/java-8-openjdk-amd64/jre/lib/amd64/libmanagement.so
7fcb407b6000-7fcb407b7000 rw-p 00009000 08:05 2490579                    /usr/lib/jvm/java-8-openjdk-amd64/jre/lib/amd64/libmanagement.so
7fcb407b7000-7fcb409b7000 rw-p 00000000 00:00 0 
7fcb409b7000-7fcb40bb7000 rw-p 00000000 00:00 0 
7fcb40bb7000-7fcb40bba000 ---p 00000000 00:00 0 
7fcb40bba000-7fcb40cb8000 rw-p 00000000 00:00 0 
7fcb40cb8000-7fcb40cbb000 ---p 00000000 00:00 0 
7fcb40cbb000-7fcb40db9000 rw-p 00000000 00:00 0 
7fcb40db9000-7fcb40dbc000 ---p 00000000 00:00 0 
7fcb40dbc000-7fcb40eba000 rw-p 00000000 00:00 0 
7fcb40eba000-7fcb40ebd000 ---p 00000000 00:00 0 
7fcb40ebd000-7fcb40fbb000 rw-p 00000000 00:00 0 
7fcb40fbb000-7fcb40fc2000 r--s 00000000 08:05 1968353                    /usr/lib/x86_64-linux-gnu/gconv/gconv-modules.cache
7fcb40fc2000-7fcb40fd1000 r--p 00000000 08:05 1972134                    /usr/share/locale/pt_BR/LC_MESSAGES/libc.mo
7fcb40fd1000-7fcb40fd4000 r--s 00065000 08:05 1846828                    /home/lincoln/.m2/repository/io/springfox/springfox-swagger-ui/2.7.0/springfox-swagger-ui-2.7.0.jar
7fcb40fd4000-7fcb40fd6000 r--s 00003000 08:05 1846826                    /home/lincoln/.m2/repository/org/mapstruct/mapstruct/1.1.0.Final/mapstruct-1.1.0.Final.jar
7fcb40fd6000-7fcb40fd8000 r--s 00000000 08:05 1182512                    /home/lincoln/.m2/repository/org/springframework/plugin/spring-plugin-metadata/1.2.0.RELEASE/spring-plugin-metadata-1.2.0.RELEASE.jar
7fcb40fd8000-7fcb40fd9000 r--s 00004000 08:05 1182510                    /home/lincoln/.m2/repository/org/springframework/plugin/spring-plugin-core/1.2.0.RELEASE/spring-plugin-core-1.2.0.RELEASE.jar
7fcb40fd9000-7fcb40fdb000 r--s 00009000 08:05 1051687                    /home/lincoln/.m2/repository/org/slf4j/slf4j-api/1.7.26/slf4j-api-1.7.26.jar
7fcb40fdb000-7fcb40fdd000 r--s 0000f000 08:05 1446540                    /home/lincoln/.m2/repository/com/fasterxml/classmate/1.4.0/classmate-1.4.0.jar
7fcb40fdd000-7fcb41008000 r--s 001fc000 08:05 1051883                    /home/lincoln/.m2/repository/com/google/guava/guava/18.0/guava-18.0.jar
7fcb41008000-7fcb4100b000 r--s 0001d000 08:05 1182508                    /home/lincoln/.m2/repository/org/reflections/reflections/0.9.11/reflections-0.9.11.jar
7fcb4100b000-7fcb41010000 r--s 00026000 08:05 1846822                    /home/lincoln/.m2/repository/io/springfox/springfox-spring-web/2.7.0/springfox-spring-web-2.7.0.jar
7fcb41010000-7fcb41013000 r--s 00013000 08:05 1846820                    /home/lincoln/.m2/repository/io/springfox/springfox-swagger-common/2.7.0/springfox-swagger-common-2.7.0.jar
7fcb41013000-7fcb41016000 r--s 00010000 08:05 1846818                    /home/lincoln/.m2/repository/io/springfox/springfox-schema/2.7.0/springfox-schema-2.7.0.jar
7fcb41016000-7fcb4101a000 r--s 00017000 08:05 1315079                    /home/lincoln/.m2/repository/io/springfox/springfox-core/2.7.0/springfox-core-2.7.0.jar
7fcb4101a000-7fcb4101d000 r--s 0000a000 08:05 1315077                    /home/lincoln/.m2/repository/io/springfox/springfox-spi/2.7.0/springfox-spi-2.7.0.jar
7fcb4101d000-7fcb41020000 r--s 0000e000 08:05 1446518                    /home/lincoln/.m2/repository/com/fasterxml/jackson/core/jackson-annotations/2.9.0/jackson-annotations-2.9.0.jar
7fcb41020000-7fcb41023000 r--s 00020000 08:05 1315075                    /home/lincoln/.m2/repository/io/swagger/swagger-models/1.5.13/swagger-models-1.5.13.jar
7fcb41023000-7fcb41025000 r--s 00004000 08:05 1315073                    /home/lincoln/.m2/repository/io/swagger/swagger-annotations/1.5.13/swagger-annotations-1.5.13.jar
7fcb41025000-7fcb41028000 r--s 0000d000 08:05 1315071                    /home/lincoln/.m2/repository/io/springfox/springfox-swagger2/2.7.0/springfox-swagger2-2.7.0.jar
7fcb41028000-7fcb41029000 r--s 00005000 08:05 1446582                    /home/lincoln/.m2/repository/org/springframework/spring-jcl/5.1.6.RELEASE/spring-jcl-5.1.6.RELEASE.jar
7fcb41029000-7fcb41041000 r--s 00124000 08:05 1446580                    /home/lincoln/.m2/repository/org/springframework/spring-core/5.1.6.RELEASE/spring-core-5.1.6.RELEASE.jar
7fcb41041000-7fcb4104b000 r--s 000c0000 08:05 1181700                    /home/lincoln/.m2/repository/org/postgresql/postgresql/42.2.5/postgresql-42.2.5.jar
7fcb4104b000-7fcb4106f000 r--s 00111000 08:05 1446550                    /home/lincoln/.m2/repository/org/springframework/boot/spring-boot-autoconfigure/2.1.4.RELEASE/spring-boot-autoconfigure-2.1.4.RELEASE.jar
7fcb4106f000-7fcb41084000 r--s 000d4000 08:05 1446548                    /home/lincoln/.m2/repository/org/springframework/boot/spring-boot/2.1.4.RELEASE/spring-boot-2.1.4.RELEASE.jar
7fcb41084000-7fcb4108a000 r--s 0002e000 08:05 1446546                    /home/lincoln/.m2/repository/org/springframework/boot/spring-boot-devtools/2.1.4.RELEASE/spring-boot-devtools-2.1.4.RELEASE.jar
7fcb4108a000-7fcb41099000 r--s 00075000 08:05 1446510                    /home/lincoln/.m2/repository/org/springframework/security/spring-security-web/5.1.5.RELEASE/spring-security-web-5.1.5.RELEASE.jar
7fcb41099000-7fcb410a5000 r--s 0005e000 08:05 1446590                    /home/lincoln/.m2/repository/org/springframework/security/spring-security-core/5.1.5.RELEASE/spring-security-core-5.1.5.RELEASE.jar
7fcb410a5000-7fcb410b2000 r--s 000b2000 08:05 1446506                    /home/lincoln/.m2/repository/org/springframework/security/spring-security-config/5.1.5.RELEASE/spring-security-config-5.1.5.RELEASE.jar
7fcb410b2000-7fcb410bc000 r--s 00051000 08:05 1446502                    /home/lincoln/.m2/repository/org/springframework/spring-aop/5.1.6.RELEASE/spring-aop-5.1.6.RELEASE.jar
7fcb410bc000-7fcb410bd000 r--s 00000000 08:05 1446486                    /home/lincoln/.m2/repository/org/springframework/boot/spring-boot-starter-security/2.1.4.RELEASE/spring-boot-starter-security-2.1.4.RELEASE.jar
7fcb410bd000-7fcb410c2000 r--s 00040000 08:05 1446512                    /home/lincoln/.m2/repository/org/springframework/spring-expression/5.1.6.RELEASE/spring-expression-5.1.6.RELEASE.jar
7fcb410c2000-7fcb410d1000 r--s 000b5000 08:05 1446544                    /home/lincoln/.m2/repository/org/springframework/spring-webmvc/5.1.6.RELEASE/spring-webmvc-5.1.6.RELEASE.jar
7fcb410d1000-7fcb410ed000 r--s 00137000 08:05 1446542                    /home/lincoln/.m2/repository/org/springframework/spring-web/5.1.6.RELEASE/spring-web-5.1.6.RELEASE.jar
7fcb410ed000-7fcb410f2000 r--s 00012000 08:05 1446538                    /home/lincoln/.m2/repository/javax/validation/validation-api/2.0.1.Final/validation-api-2.0.1.Final.jar
7fcb410f2000-7fcb4110f000 r--s 000fe000 08:05 1051683                    /home/lincoln/.m2/repository/org/hibernate/validator/hibernate-validator/6.0.16.Final/hibernate-validator-6.0.16.Final.jar
7fcb4110f000-7fcb41114000 r--s 0003c000 08:05 1446536                    /home/lincoln/.m2/repository/org/apache/tomcat/embed/tomcat-embed-websocket/9.0.17/tomcat-embed-websocket-9.0.17.jar
7fcb41114000-7fcb41119000 r--s 00039000 08:05 1446534                    /home/lincoln/.m2/repository/org/apache/tomcat/embed/tomcat-embed-el/9.0.17/tomcat-embed-el-9.0.17.jar
7fcb41119000-7fcb41143000 r--s 002f9000 08:05 1446530                    /home/lincoln/.m2/repository/org/apache/tomcat/embed/tomcat-embed-core/9.0.17/tomcat-embed-core-9.0.17.jar
7fcb41143000-7fcb41144000 r--s 00000000 08:05 1446528                    /home/lincoln/.m2/repository/org/springframework/boot/spring-boot-starter-tomcat/2.1.4.RELEASE/spring-boot-starter-tomcat-2.1.4.RELEASE.jar
7fcb41144000-7fcb41146000 r--s 00001000 08:05 1446526                    /home/lincoln/.m2/repository/com/fasterxml/jackson/module/jackson-module-parameter-names/2.9.8/jackson-module-parameter-names-2.9.8.jar
7fcb41146000-7fcb41149000 r--s 00016000 08:05 1446524                    /home/lincoln/.m2/repository/com/fasterxml/jackson/datatype/jackson-datatype-jsr310/2.9.8/jackson-datatype-jsr310-2.9.8.jar
7fcb41149000-7fcb4114b000 r--s 00007000 08:05 1446522                    /home/lincoln/.m2/repository/com/fasterxml/jackson/datatype/jackson-datatype-jdk8/2.9.8/jackson-datatype-jdk8-2.9.8.jar
7fcb4114b000-7fcb4114f000 r--s 0004c000 08:05 1446520                    /home/lincoln/.m2/repository/com/fasterxml/jackson/core/jackson-core/2.9.8/jackson-core-2.9.8.jar
7fcb4114f000-7fcb41161000 r--s 00137000 08:05 1182409                    /home/lincoln/.m2/repository/com/fasterxml/jackson/core/jackson-databind/2.9.8/jackson-databind-2.9.8.jar
7fcb41161000-7fcb41162000 r--s 00000000 08:05 1446516                    /home/lincoln/.m2/repository/org/springframework/boot/spring-boot-starter-json/2.1.4.RELEASE/spring-boot-starter-json-2.1.4.RELEASE.jar
7fcb41162000-7fcb41169000 r--s 00043000 08:05 1446500                    /home/lincoln/.m2/repository/org/yaml/snakeyaml/1.23/snakeyaml-1.23.jar
7fcb41169000-7fcb4116b000 r--s 00005000 08:05 1182407                    /home/lincoln/.m2/repository/javax/annotation/javax.annotation-api/1.3.2/javax.annotation-api-1.3.2.jar
7fcb4116b000-7fcb4116d000 r--s 00000000 08:05 1182405                    /home/lincoln/.m2/repository/org/slf4j/jul-to-slf4j/1.7.26/jul-to-slf4j-1.7.26.jar
7fcb4116d000-7fcb41173000 r--s 0003c000 08:05 1446498                    /home/lincoln/.m2/repository/org/apache/logging/log4j/log4j-api/2.11.2/log4j-api-2.11.2.jar
7fcb41173000-7fcb41175000 r--s 00003000 08:05 1446496                    /home/lincoln/.m2/repository/org/apache/logging/log4j/log4j-to-slf4j/2.11.2/log4j-to-slf4j-2.11.2.jar
7fcb41175000-7fcb41180000 r--s 00069000 08:05 1446494                    /home/lincoln/.m2/repository/ch/qos/logback/logback-core/1.2.3/logback-core-1.2.3.jar
7fcb41180000-7fcb41186000 r--s 00041000 08:05 1446492                    /home/lincoln/.m2/repository/ch/qos/logback/logback-classic/1.2.3/logback-classic-1.2.3.jar
7fcb41186000-7fcb41187000 r--s 00000000 08:05 1446490                    /home/lincoln/.m2/repository/org/springframework/boot/spring-boot-starter-logging/2.1.4.RELEASE/spring-boot-starter-logging-2.1.4.RELEASE.jar
7fcb41187000-7fcb41188000 r--s 00000000 08:05 1446488                    /home/lincoln/.m2/repository/org/springframework/boot/spring-boot-starter/2.1.4.RELEASE/spring-boot-starter-2.1.4.RELEASE.jar
7fcb41188000-7fcb41189000 r--s 00000000 08:05 1446514                    /home/lincoln/.m2/repository/org/springframework/boot/spring-boot-starter-web/2.1.4.RELEASE/spring-boot-starter-web-2.1.4.RELEASE.jar
7fcb41189000-7fcb4118b000 r--s 0000a000 08:05 1447225                    /home/lincoln/.m2/repository/org/springframework/spring-aspects/5.1.6.RELEASE/spring-aspects-5.1.6.RELEASE.jar
7fcb4118b000-7fcb41198000 r--s 00098000 08:05 1446504                    /home/lincoln/.m2/repository/org/springframework/spring-beans/5.1.6.RELEASE/spring-beans-5.1.6.RELEASE.jar
7fcb41198000-7fcb411a0000 r--s 00037000 08:05 1447223                    /home/lincoln/.m2/repository/org/springframework/spring-tx/5.1.6.RELEASE/spring-tx-5.1.6.RELEASE.jar
7fcb411a0000-7fcb411ba000 r--s 000f3000 08:05 1446508                    /home/lincoln/.m2/repository/org/springframework/spring-context/5.1.6.RELEASE/spring-context-5.1.6.RELEASE.jar
7fcb411ba000-7fcb411be000 r--s 0002d000 08:05 1447221                    /home/lincoln/.m2/repository/org/springframework/spring-orm/5.1.6.RELEASE/spring-orm-5.1.6.RELEASE.jar
7fcb411be000-7fcb411d6000 r--s 00106000 08:05 1447219                    /home/lincoln/.m2/repository/org/springframework/data/spring-data-commons/2.1.6.RELEASE/spring-data-commons-2.1.6.RELEASE.jar
7fcb411d6000-7fcb411de000 r--s 0004f000 08:05 1447217                    /home/lincoln/.m2/repository/org/springframework/data/spring-data-jpa/2.1.6.RELEASE/spring-data-jpa-2.1.6.RELEASE.jar
7fcb411de000-7fcb411e1000 r--s 00010000 08:05 1182451                    /home/lincoln/.m2/repository/org/hibernate/common/hibernate-commons-annotations/5.0.4.Final/hibernate-commons-annotations-5.0.4.Final.jar
7fcb411e1000-7fcb411e6000 r--s 0004b000 08:05 1180665                    /home/lincoln/.m2/repository/org/dom4j/dom4j/2.1.1/dom4j-2.1.1.jar
7fcb411e6000-7fcb411e9000 r--s 0002b000 08:05 1180661                    /home/lincoln/.m2/repository/org/jboss/jandex/2.0.5.Final/jandex-2.0.5.Final.jar
7fcb411e9000-7fcb411ee000 r--s 00068000 08:05 921314                     /home/lincoln/.m2/repository/antlr/antlr/2.7.7/antlr-2.7.7.jar
7fcb411ee000-7fcb41235000 r--s 002da000 08:05 1182411                    /home/lincoln/.m2/repository/net/bytebuddy/byte-buddy/1.9.12/byte-buddy-1.9.12.jar
7fcb41235000-7fcb41240000 r--s 000b2000 08:05 1051810                    /home/lincoln/.m2/repository/org/javassist/javassist/3.23.1-GA/javassist-3.23.1-GA.jar
7fcb41240000-7fcb41246000 r--s 00023000 08:05 924335                     /home/lincoln/.m2/repository/javax/persistence/javax.persistence-api/2.2/javax.persistence-api-2.2.jar
7fcb41246000-7fcb41248000 r--s 0000f000 08:05 1052255                    /home/lincoln/.m2/repository/org/jboss/logging/jboss-logging/3.3.2.Final/jboss-logging-3.3.2.Final.jar
7fcb41248000-7fcb412cb000 r--s 00626000 08:05 1051807                    /home/lincoln/.m2/repository/org/hibernate/hibernate-core/5.3.9.Final/hibernate-core-5.3.9.Final.jar
7fcb412cb000-7fcb412d4000 r--s 0005a000 08:05 1447215                    /home/lincoln/.m2/repository/org/springframework/spring-jdbc/5.1.6.RELEASE/spring-jdbc-5.1.6.RELEASE.jar
7fcb412d4000-7fcb412ed000 r--s 001de000 08:05 1447209                    /home/lincoln/.m2/repository/org/aspectj/aspectjweaver/1.9.2/aspectjweaver-1.9.2.jar
7fcb412ed000-7fcb41308000 r--s 00394000 08:05 2490603                    /usr/lib/jvm/java-8-openjdk-amd64/jre/lib/ext/cldrdata.jar
7fcb41308000-7fcb41323000 r--s 001d6000 08:05 2490608                    /usr/lib/jvm/java-8-openjdk-amd64/jre/lib/ext/nashorn.jar
7fcb41323000-7fcb41324000 ---p 00000000 00:00 0 
7fcb41324000-7fcb41424000 rw-p 00000000 00:00 0 
7fcb41424000-7fcb41427000 ---p 00000000 00:00 0 
7fcb41427000-7fcb41525000 rw-p 00000000 00:00 0 
7fcb41525000-7fcb41528000 ---p 00000000 00:00 0 
7fcb41528000-7fcb41626000 rw-p 00000000 00:00 0 
7fcb41626000-7fcb41629000 ---p 00000000 00:00 0 
7fcb41629000-7fcb41727000 rw-p 00000000 00:00 0 
7fcb41727000-7fcb4172a000 ---p 00000000 00:00 0 
7fcb4172a000-7fcb41828000 rw-p 00000000 00:00 0 
7fcb41828000-7fcb4182b000 ---p 00000000 00:00 0 
7fcb4182b000-7fcb41929000 rw-p 00000000 00:00 0 
7fcb41929000-7fcb41ac4000 r--p 00000000 08:05 1967323                    /usr/lib/locale/locale-archive
7fcb41ac4000-7fcb41ac7000 ---p 00000000 00:00 0 
7fcb41ac7000-7fcb41bc5000 rw-p 00000000 00:00 0 
7fcb41bc5000-7fcb41bc8000 ---p 00000000 00:00 0 
7fcb41bc8000-7fcb41cc6000 rw-p 00000000 00:00 0 
7fcb41cc6000-7fcb41cc7000 ---p 00000000 00:00 0 
7fcb41cc7000-7fcb42d87000 rw-p 00000000 00:00 0 
7fcb42d87000-7fcb42f56000 r--s 03c3b000 08:05 2490632                    /usr/lib/jvm/java-8-openjdk-amd64/jre/lib/rt.jar
7fcb42f56000-7fcb42fcc000 rw-p 00000000 00:00 0 
7fcb42fcc000-7fcb43ba7000 rw-p 00000000 00:00 0 
7fcb43ba7000-7fcb43ba8000 ---p 00000000 00:00 0 
7fcb43ba8000-7fcb43ca8000 rw-p 00000000 00:00 0 
7fcb43ca8000-7fcb43ca9000 ---p 00000000 00:00 0 
7fcb43ca9000-7fcb43da9000 rw-p 00000000 00:00 0 
7fcb43da9000-7fcb43daa000 ---p 00000000 00:00 0 
7fcb43daa000-7fcb43eaa000 rw-p 00000000 00:00 0 
7fcb43eaa000-7fcb43eab000 ---p 00000000 00:00 0 
7fcb43eab000-7fcb43fab000 rw-p 00000000 00:00 0 
7fcb43fab000-7fcb43fec000 rw-p 00000000 00:00 0 
7fcb43fec000-7fcb4423d000 ---p 00000000 00:00 0 
7fcb4423d000-7fcb4427e000 rw-p 00000000 00:00 0 
7fcb4427e000-7fcb444cf000 ---p 00000000 00:00 0 
7fcb444cf000-7fcb4453c000 rw-p 00000000 00:00 0 
7fcb4453c000-7fcb44595000 ---p 00000000 00:00 0 
7fcb44595000-7fcb44618000 ---p 00000000 00:00 0 
7fcb44618000-7fcb446d4000 rw-p 00000000 00:00 0 
7fcb446d4000-7fcb449d9000 ---p 00000000 00:00 0 
7fcb449d9000-7fcb47879000 rwxp 00000000 00:00 0 
7fcb47879000-7fcb539d9000 ---p 00000000 00:00 0 
7fcb539d9000-7fcb539e1000 r-xp 00000000 08:05 2490589                    /usr/lib/jvm/java-8-openjdk-amd64/jre/lib/amd64/libzip.so
7fcb539e1000-7fcb53be0000 ---p 00008000 08:05 2490589                    /usr/lib/jvm/java-8-openjdk-amd64/jre/lib/amd64/libzip.so
7fcb53be0000-7fcb53be1000 r--p 00007000 08:05 2490589                    /usr/lib/jvm/java-8-openjdk-amd64/jre/lib/amd64/libzip.so
7fcb53be1000-7fcb53be2000 rw-p 00008000 08:05 2490589                    /usr/lib/jvm/java-8-openjdk-amd64/jre/lib/amd64/libzip.so
7fcb53be2000-7fcb53bec000 r-xp 00000000 08:05 131090                     /lib/x86_64-linux-gnu/libnss_files-2.24.so
7fcb53bec000-7fcb53dec000 ---p 0000a000 08:05 131090                     /lib/x86_64-linux-gnu/libnss_files-2.24.so
7fcb53dec000-7fcb53ded000 r--p 0000a000 08:05 131090                     /lib/x86_64-linux-gnu/libnss_files-2.24.so
7fcb53ded000-7fcb53dee000 rw-p 0000b000 08:05 131090                     /lib/x86_64-linux-gnu/libnss_files-2.24.so
7fcb53dee000-7fcb53df4000 rw-p 00000000 00:00 0 
7fcb53df4000-7fcb53dff000 r-xp 00000000 08:05 131092                     /lib/x86_64-linux-gnu/libnss_nis-2.24.so
7fcb53dff000-7fcb53ffe000 ---p 0000b000 08:05 131092                     /lib/x86_64-linux-gnu/libnss_nis-2.24.so
7fcb53ffe000-7fcb53fff000 r--p 0000a000 08:05 131092                     /lib/x86_64-linux-gnu/libnss_nis-2.24.so
7fcb53fff000-7fcb54000000 rw-p 0000b000 08:05 131092                     /lib/x86_64-linux-gnu/libnss_nis-2.24.so
7fcb54000000-7fcb549a2000 rw-p 00000000 00:00 0 
7fcb549a2000-7fcb58000000 ---p 00000000 00:00 0 
7fcb58000000-7fcb58002000 r--s 0000c000 08:05 924338                     /home/lincoln/.m2/repository/javax/activation/javax.activation-api/1.2.0/javax.activation-api-1.2.0.jar
7fcb58002000-7fcb58006000 r--s 0001c000 08:05 924340                     /home/lincoln/.m2/repository/javax/xml/bind/jaxb-api/2.3.1/jaxb-api-2.3.1.jar
7fcb58006000-7fcb58027000 rw-p 00000000 00:00 0 
7fcb58027000-7fcb5803b000 r-xp 00000000 08:05 131087                     /lib/x86_64-linux-gnu/libnsl-2.24.so
7fcb5803b000-7fcb5823b000 ---p 00014000 08:05 131087                     /lib/x86_64-linux-gnu/libnsl-2.24.so
7fcb5823b000-7fcb5823c000 r--p 00014000 08:05 131087                     /lib/x86_64-linux-gnu/libnsl-2.24.so
7fcb5823c000-7fcb5823d000 rw-p 00015000 08:05 131087                     /lib/x86_64-linux-gnu/libnsl-2.24.so
7fcb5823d000-7fcb5823f000 rw-p 00000000 00:00 0 
7fcb5823f000-7fcb58246000 r-xp 00000000 08:05 131088                     /lib/x86_64-linux-gnu/libnss_compat-2.24.so
7fcb58246000-7fcb58445000 ---p 00007000 08:05 131088                     /lib/x86_64-linux-gnu/libnss_compat-2.24.so
7fcb58445000-7fcb58446000 r--p 00006000 08:05 131088                     /lib/x86_64-linux-gnu/libnss_compat-2.24.so
7fcb58446000-7fcb58447000 rw-p 00007000 08:05 131088                     /lib/x86_64-linux-gnu/libnss_compat-2.24.so
7fcb58447000-7fcb58473000 r-xp 00000000 08:05 2490570                    /usr/lib/jvm/java-8-openjdk-amd64/jre/lib/amd64/libjava.so
7fcb58473000-7fcb58672000 ---p 0002c000 08:05 2490570                    /usr/lib/jvm/java-8-openjdk-amd64/jre/lib/amd64/libjava.so
7fcb58672000-7fcb58673000 r--p 0002b000 08:05 2490570                    /usr/lib/jvm/java-8-openjdk-amd64/jre/lib/amd64/libjava.so
7fcb58673000-7fcb58675000 rw-p 0002c000 08:05 2490570                    /usr/lib/jvm/java-8-openjdk-amd64/jre/lib/amd64/libjava.so
7fcb58675000-7fcb58684000 r-xp 00000000 08:05 2490588                    /usr/lib/jvm/java-8-openjdk-amd64/jre/lib/amd64/libverify.so
7fcb58684000-7fcb58883000 ---p 0000f000 08:05 2490588                    /usr/lib/jvm/java-8-openjdk-amd64/jre/lib/amd64/libverify.so
7fcb58883000-7fcb58885000 r--p 0000e000 08:05 2490588                    /usr/lib/jvm/java-8-openjdk-amd64/jre/lib/amd64/libverify.so
7fcb58885000-7fcb58886000 rw-p 00010000 08:05 2490588                    /usr/lib/jvm/java-8-openjdk-amd64/jre/lib/amd64/libverify.so
7fcb58886000-7fcb5888d000 r-xp 00000000 08:05 131097                     /lib/x86_64-linux-gnu/librt-2.24.so
7fcb5888d000-7fcb58a8c000 ---p 00007000 08:05 131097                     /lib/x86_64-linux-gnu/librt-2.24.so
7fcb58a8c000-7fcb58a8d000 r--p 00006000 08:05 131097                     /lib/x86_64-linux-gnu/librt-2.24.so
7fcb58a8d000-7fcb58a8e000 rw-p 00007000 08:05 131097                     /lib/x86_64-linux-gnu/librt-2.24.so
7fcb58a8e000-7fcb58aa4000 r-xp 00000000 08:05 131076                     /lib/x86_64-linux-gnu/libgcc_s.so.1
7fcb58aa4000-7fcb58ca3000 ---p 00016000 08:05 131076                     /lib/x86_64-linux-gnu/libgcc_s.so.1
7fcb58ca3000-7fcb58ca4000 r--p 00015000 08:05 131076                     /lib/x86_64-linux-gnu/libgcc_s.so.1
7fcb58ca4000-7fcb58ca5000 rw-p 00016000 08:05 131076                     /lib/x86_64-linux-gnu/libgcc_s.so.1
7fcb58ca5000-7fcb58da8000 r-xp 00000000 08:05 131084                     /lib/x86_64-linux-gnu/libm-2.24.so
7fcb58da8000-7fcb58fa7000 ---p 00103000 08:05 131084                     /lib/x86_64-linux-gnu/libm-2.24.so
7fcb58fa7000-7fcb58fa8000 r--p 00102000 08:05 131084                     /lib/x86_64-linux-gnu/libm-2.24.so
7fcb58fa8000-7fcb58fa9000 rw-p 00103000 08:05 131084                     /lib/x86_64-linux-gnu/libm-2.24.so
7fcb58fa9000-7fcb5911b000 r-xp 00000000 08:05 1970957                    /usr/lib/x86_64-linux-gnu/libstdc++.so.6.0.22
7fcb5911b000-7fcb5931b000 ---p 00172000 08:05 1970957                    /usr/lib/x86_64-linux-gnu/libstdc++.so.6.0.22
7fcb5931b000-7fcb59325000 r--p 00172000 08:05 1970957                    /usr/lib/x86_64-linux-gnu/libstdc++.so.6.0.22
7fcb59325000-7fcb59327000 rw-p 0017c000 08:05 1970957                    /usr/lib/x86_64-linux-gnu/libstdc++.so.6.0.22
7fcb59327000-7fcb5932b000 rw-p 00000000 00:00 0 
7fcb5932b000-7fcb59f91000 r-xp 00000000 08:05 2490592                    /usr/lib/jvm/java-8-openjdk-amd64/jre/lib/amd64/server/libjvm.so
7fcb59f91000-7fcb5a190000 ---p 00c66000 08:05 2490592                    /usr/lib/jvm/java-8-openjdk-amd64/jre/lib/amd64/server/libjvm.so
7fcb5a190000-7fcb5a224000 r--p 00c65000 08:05 2490592                    /usr/lib/jvm/java-8-openjdk-amd64/jre/lib/amd64/server/libjvm.so
7fcb5a224000-7fcb5a24d000 rw-p 00cf9000 08:05 2490592                    /usr/lib/jvm/java-8-openjdk-amd64/jre/lib/amd64/server/libjvm.so
7fcb5a24d000-7fcb5a27d000 rw-p 00000000 00:00 0 
7fcb5a27d000-7fcb5a412000 r-xp 00000000 08:05 131080                     /lib/x86_64-linux-gnu/libc-2.24.so
7fcb5a412000-7fcb5a612000 ---p 00195000 08:05 131080                     /lib/x86_64-linux-gnu/libc-2.24.so
7fcb5a612000-7fcb5a616000 r--p 00195000 08:05 131080                     /lib/x86_64-linux-gnu/libc-2.24.so
7fcb5a616000-7fcb5a618000 rw-p 00199000 08:05 131080                     /lib/x86_64-linux-gnu/libc-2.24.so
7fcb5a618000-7fcb5a61c000 rw-p 00000000 00:00 0 
7fcb5a61c000-7fcb5a61f000 r-xp 00000000 08:05 131083                     /lib/x86_64-linux-gnu/libdl-2.24.so
7fcb5a61f000-7fcb5a81e000 ---p 00003000 08:05 131083                     /lib/x86_64-linux-gnu/libdl-2.24.so
7fcb5a81e000-7fcb5a81f000 r--p 00002000 08:05 131083                     /lib/x86_64-linux-gnu/libdl-2.24.so
7fcb5a81f000-7fcb5a820000 rw-p 00003000 08:05 131083                     /lib/x86_64-linux-gnu/libdl-2.24.so
7fcb5a820000-7fcb5a82d000 r-xp 00000000 08:05 2490556                    /usr/lib/jvm/java-8-openjdk-amd64/jre/lib/amd64/jli/libjli.so
7fcb5a82d000-7fcb5aa2c000 ---p 0000d000 08:05 2490556                    /usr/lib/jvm/java-8-openjdk-amd64/jre/lib/amd64/jli/libjli.so
7fcb5aa2c000-7fcb5aa2d000 r--p 0000c000 08:05 2490556                    /usr/lib/jvm/java-8-openjdk-amd64/jre/lib/amd64/jli/libjli.so
7fcb5aa2d000-7fcb5aa2e000 rw-p 0000d000 08:05 2490556                    /usr/lib/jvm/java-8-openjdk-amd64/jre/lib/amd64/jli/libjli.so
7fcb5aa2e000-7fcb5aa47000 r-xp 00000000 08:05 131162                     /lib/x86_64-linux-gnu/libz.so.1.2.8
7fcb5aa47000-7fcb5ac46000 ---p 00019000 08:05 131162                     /lib/x86_64-linux-gnu/libz.so.1.2.8
7fcb5ac46000-7fcb5ac47000 r--p 00018000 08:05 131162                     /lib/x86_64-linux-gnu/libz.so.1.2.8
7fcb5ac47000-7fcb5ac48000 rw-p 00019000 08:05 131162                     /lib/x86_64-linux-gnu/libz.so.1.2.8
7fcb5ac48000-7fcb5ac60000 r-xp 00000000 08:05 131095                     /lib/x86_64-linux-gnu/libpthread-2.24.so
7fcb5ac60000-7fcb5ae5f000 ---p 00018000 08:05 131095                     /lib/x86_64-linux-gnu/libpthread-2.24.so
7fcb5ae5f000-7fcb5ae60000 r--p 00017000 08:05 131095                     /lib/x86_64-linux-gnu/libpthread-2.24.so
7fcb5ae60000-7fcb5ae61000 rw-p 00018000 08:05 131095                     /lib/x86_64-linux-gnu/libpthread-2.24.so
7fcb5ae61000-7fcb5ae65000 rw-p 00000000 00:00 0 
7fcb5ae65000-7fcb5ae88000 r-xp 00000000 08:05 131075                     /lib/x86_64-linux-gnu/ld-2.24.so
7fcb5ae88000-7fcb5ae89000 r--s 00006000 08:05 1051758                    /home/lincoln/.m2/repository/javax/transaction/javax.transaction-api/1.3/javax.transaction-api-1.3.jar
7fcb5ae89000-7fcb5ae8d000 r--s 00020000 08:05 1447213                    /home/lincoln/.m2/repository/com/zaxxer/HikariCP/3.2.0/HikariCP-3.2.0.jar
7fcb5ae8d000-7fcb5ae8e000 r--s 00000000 08:05 1447211                    /home/lincoln/.m2/repository/org/springframework/boot/spring-boot-starter-jdbc/2.1.4.RELEASE/spring-boot-starter-jdbc-2.1.4.RELEASE.jar
7fcb5ae8e000-7fcb5ae8f000 r--s 00000000 08:05 1447207                    /home/lincoln/.m2/repository/org/springframework/boot/spring-boot-starter-aop/2.1.4.RELEASE/spring-boot-starter-aop-2.1.4.RELEASE.jar
7fcb5ae8f000-7fcb5ae91000 r--s 00008000 08:05 2490609                    /usr/lib/jvm/java-8-openjdk-amd64/jre/lib/ext/sunec.jar
7fcb5ae91000-7fcb5ae93000 r--s 00007000 08:05 2234325                    /usr/share/java/java-atk-wrapper.jar
7fcb5ae93000-7fcb5ae96000 r--s 00039000 08:05 2490611                    /usr/lib/jvm/java-8-openjdk-amd64/jre/lib/ext/sunpkcs11.jar
7fcb5ae96000-7fcb5ae99000 r--s 0000f000 08:05 2490605                    /usr/lib/jvm/java-8-openjdk-amd64/jre/lib/ext/icedtea-sound.jar
7fcb5ae99000-7fcb5ae9e000 r--s 0003c000 08:05 2490610                    /usr/lib/jvm/java-8-openjdk-amd64/jre/lib/ext/sunjce_provider.jar
7fcb5ae9e000-7fcb5af42000 rw-p 00000000 00:00 0 
7fcb5af42000-7fcb5af69000 rw-p 00000000 00:00 0 
7fcb5af69000-7fcb5af6c000 ---p 00000000 00:00 0 
7fcb5af6c000-7fcb5b06c000 rw-p 00000000 00:00 0 
7fcb5b06c000-7fcb5b06d000 r--s 00000000 08:05 1447205                    /home/lincoln/.m2/repository/org/springframework/boot/spring-boot-starter-data-jpa/2.1.4.RELEASE/spring-boot-starter-data-jpa-2.1.4.RELEASE.jar
7fcb5b06d000-7fcb5b06e000 r--s 0000a000 08:05 2490606                    /usr/lib/jvm/java-8-openjdk-amd64/jre/lib/ext/jaccess.jar
7fcb5b06e000-7fcb5b06f000 r--s 00010000 08:05 2490612                    /usr/lib/jvm/java-8-openjdk-amd64/jre/lib/ext/zipfs.jar
7fcb5b06f000-7fcb5b079000 r--s 00116000 08:05 2490607                    /usr/lib/jvm/java-8-openjdk-amd64/jre/lib/ext/localedata.jar
7fcb5b079000-7fcb5b07b000 r--s 00001000 08:05 2490604                    /usr/lib/jvm/java-8-openjdk-amd64/jre/lib/ext/dnsns.jar
7fcb5b07b000-7fcb5b083000 rw-s 00000000 08:05 1847817                    /tmp/hsperfdata_lincoln/31706
7fcb5b083000-7fcb5b084000 rw-p 00000000 00:00 0 
7fcb5b084000-7fcb5b085000 r--p 00000000 00:00 0 
7fcb5b085000-7fcb5b088000 rw-p 00000000 00:00 0 
7fcb5b088000-7fcb5b089000 r--p 00023000 08:05 131075                     /lib/x86_64-linux-gnu/ld-2.24.so
7fcb5b089000-7fcb5b08a000 rw-p 00024000 08:05 131075                     /lib/x86_64-linux-gnu/ld-2.24.so
7fcb5b08a000-7fcb5b08b000 rw-p 00000000 00:00 0 
7ffcaad2c000-7ffcaad4f000 rw-p 00000000 00:00 0                          [stack]
7ffcaad6e000-7ffcaad70000 r--p 00000000 00:00 0                          [vvar]
7ffcaad70000-7ffcaad72000 r-xp 00000000 00:00 0                          [vdso]
ffffffffff600000-ffffffffff601000 r-xp 00000000 00:00 0                  [vsyscall]

VM Arguments:
jvm_args: -Dfile.encoding=UTF-8 
java_command: com.restful.api.ApiRestApplication
java_class_path (initial): /home/lincoln/Documents/workspace-spring-tool-suite-4-4.2.0.RELEASE/apiRest/target/classes:/home/lincoln/.m2/repository/org/springframework/boot/spring-boot-starter-data-jpa/2.1.4.RELEASE/spring-boot-starter-data-jpa-2.1.4.RELEASE.jar:/home/lincoln/.m2/repository/org/springframework/boot/spring-boot-starter-aop/2.1.4.RELEASE/spring-boot-starter-aop-2.1.4.RELEASE.jar:/home/lincoln/.m2/repository/org/aspectj/aspectjweaver/1.9.2/aspectjweaver-1.9.2.jar:/home/lincoln/.m2/repository/org/springframework/boot/spring-boot-starter-jdbc/2.1.4.RELEASE/spring-boot-starter-jdbc-2.1.4.RELEASE.jar:/home/lincoln/.m2/repository/com/zaxxer/HikariCP/3.2.0/HikariCP-3.2.0.jar:/home/lincoln/.m2/repository/org/springframework/spring-jdbc/5.1.6.RELEASE/spring-jdbc-5.1.6.RELEASE.jar:/home/lincoln/.m2/repository/javax/transaction/javax.transaction-api/1.3/javax.transaction-api-1.3.jar:/home/lincoln/.m2/repository/javax/xml/bind/jaxb-api/2.3.1/jaxb-api-2.3.1.jar:/home/lincoln/.m2/repository/javax/activation/javax.activation-api/1.2.0/javax.activation-api-1.2.0.jar:/home/lincoln/.m2/repository/org/hibernate/hibernate-core/5.3.9.Final/hibernate-core-5.3.9.Final.jar:/home/lincoln/.m2/repository/org/jboss/logging/jboss-logging/3.3.2.Final/jboss-logging-3.3.2.Final.jar:/home/lincoln/.m2/repository/javax/persistence/javax.persistence-api/2.2/javax.persistence-api-2.2.jar:/home/lincoln/.m2/repository/org/javassist/javassist/3.23.1-GA/javassist-3.23.1-GA.jar:/home/lincoln/.m2/repository/net/bytebuddy/byte-buddy/1.9.12/byte-buddy-1.9.12.jar:/home/lincoln/.m2/repository/antlr/antlr/2.7.7/antlr-2.7.7.jar:/home/lincoln/.m2/repository/org/jboss/jandex/2.0.5.Final/jandex-2.0.5.Final.jar:/home/lincoln/.m2/repository/org/dom4j/dom4j/2.1.1/dom4j-2.1.1.jar:/home/lincoln/.m2/repository/org/hibernate/common/hibernate-commons-annotations/5.0.4.Final/hibernate-commons-annotations-5.0.4.Final.jar:/home/lincoln/.m2/repository/org/springframework/data/spring-data-jpa/2.1.6.RELEASE/spring-
Launcher Type: SUN_STANDARD

Environment Variables:
PATH=/usr/local/bin:/usr/bin:/bin:/usr/local/games:/usr/games
USERNAME=lincoln
SHELL=/bin/bash
DISPLAY=:0

Signal Handlers:
SIGSEGV: [libjvm.so+0xa79db0], sa_mask[0]=11111111011111111101111111111110, sa_flags=SA_RESTART|SA_SIGINFO
SIGBUS: [libjvm.so+0xa79db0], sa_mask[0]=11111111011111111101111111111110, sa_flags=SA_RESTART|SA_SIGINFO
SIGFPE: [libjvm.so+0x8c24e0], sa_mask[0]=11111111011111111101111111111110, sa_flags=SA_RESTART|SA_SIGINFO
SIGPIPE: [libjvm.so+0x8c24e0], sa_mask[0]=11111111011111111101111111111110, sa_flags=SA_RESTART|SA_SIGINFO
SIGXFSZ: [libjvm.so+0x8c24e0], sa_mask[0]=11111111011111111101111111111110, sa_flags=SA_RESTART|SA_SIGINFO
SIGILL: [libjvm.so+0x8c24e0], sa_mask[0]=11111111011111111101111111111110, sa_flags=SA_RESTART|SA_SIGINFO
SIGUSR1: SIG_DFL, sa_mask[0]=00000000000000000000000000000000, sa_flags=none
SIGUSR2: [libjvm.so+0x8c2390], sa_mask[0]=00100000000000000000000000000000, sa_flags=SA_RESTART|SA_SIGINFO
SIGHUP: [libjvm.so+0x8c2a00], sa_mask[0]=11111111011111111101111111111110, sa_flags=SA_RESTART|SA_SIGINFO
SIGINT: [libjvm.so+0x8c2a00], sa_mask[0]=11111111011111111101111111111110, sa_flags=SA_RESTART|SA_SIGINFO
SIGTERM: [libjvm.so+0x8c2a00], sa_mask[0]=11111111011111111101111111111110, sa_flags=SA_RESTART|SA_SIGINFO
SIGQUIT: [libjvm.so+0x8c2a00], sa_mask[0]=11111111011111111101111111111110, sa_flags=SA_RESTART|SA_SIGINFO


---------------  S Y S T E M  ---------------

OS:PRETTY_NAME="Debian GNU/Linux 9 (stretch)"
NAME="Debian GNU/Linux"
VERSION_ID="9"
VERSION="9 (stretch)"
ID=debian
HOME_URL="https://www.debian.org/"
SUPPORT_URL="https://www.debian.org/support"
BUG_REPORT_URL="https://bugs.debian.org/"

uname:Linux 4.9.0-8-amd64 #1 SMP Debian 4.9.144-3.1 (2019-02-19) x86_64
libc:glibc 2.24 NPTL 2.24 
rlimit: STACK 8192k, CORE 0k, NPROC 31135, NOFILE 1048576, AS infinity
load average:53,90 46,80 43,94

/proc/meminfo:
MemTotal:        8081288 kB
MemFree:          696500 kB
MemAvailable:     623528 kB
Buffers:            1664 kB
Cached:           693488 kB
SwapCached:            0 kB
Active:          6463712 kB
Inactive:         678856 kB
Active(anon):    6455176 kB
Inactive(anon):   594000 kB
Active(file):       8536 kB
Inactive(file):    84856 kB
Unevictable:          48 kB
Mlocked:              48 kB
SwapTotal:             0 kB
SwapFree:              0 kB
Dirty:                32 kB
Writeback:            40 kB
AnonPages:       6447824 kB
Mapped:           397444 kB
Shmem:            601388 kB
Slab:              86196 kB
SReclaimable:      30328 kB
SUnreclaim:        55868 kB
KernelStack:       15376 kB
PageTables:        70336 kB
NFS_Unstable:          0 kB
Bounce:                0 kB
WritebackTmp:          0 kB
CommitLimit:     4040644 kB
Committed_AS:   14586536 kB
VmallocTotal:   34359738367 kB
VmallocUsed:           0 kB
VmallocChunk:          0 kB
HardwareCorrupted:     0 kB
AnonHugePages:         0 kB
ShmemHugePages:        0 kB
ShmemPmdMapped:        0 kB
HugePages_Total:       0
HugePages_Free:        0
HugePages_Rsvd:        0
HugePages_Surp:        0
Hugepagesize:       2048 kB
DirectMap4k:      242168 kB
DirectMap2M:     8048640 kB
DirectMap1G:     1048576 kB

container (cgroup) information:
container_type: cgroupv1
cpu_cpuset_cpus: 0-3
cpu_memory_nodes: 0
active_processor_count: 4
cpu_quota: -1
cpu_period: 100000
cpu_shares: -1
memory_limit_in_bytes: -1
memory_and_swap_limit_in_bytes: -2
memory_soft_limit_in_bytes: -1
memory_usage_in_bytes: 7314509824
memory_max_usage_in_bytes: 243781632


CPU:total 4 (initial active 4) (2 cores per cpu, 2 threads per core) family 6 model 61 stepping 4, cmov, cx8, fxsr, mmx, sse, sse2, sse3, ssse3, sse4.1, sse4.2, popcnt, avx, avx2, aes, clmul, erms, 3dnowpref, lzcnt, ht, tsc, tscinvbit, bmi1, bmi2, adx

/proc/cpuinfo:
processor	: 0
vendor_id	: GenuineIntel
cpu family	: 6
model		: 61
model name	: Intel(R) Core(TM) i5-5200U CPU @ 2.20GHz
stepping	: 4
microcode	: 0x22
cpu MHz		: 2499.975
cache size	: 3072 KB
physical id	: 0
siblings	: 4
core id		: 0
cpu cores	: 2
apicid		: 0
initial apicid	: 0
fpu		: yes
fpu_exception	: yes
cpuid level	: 20
wp		: yes
flags		: fpu vme de pse tsc msr pae mce cx8 apic sep mtrr pge mca cmov pat pse36 clflush dts acpi mmx fxsr sse sse2 ss ht tm pbe syscall nx pdpe1gb rdtscp lm constant_tsc arch_perfmon pebs bts rep_good nopl xtopology nonstop_tsc aperfmperf pni pclmulqdq dtes64 monitor ds_cpl vmx est tm2 ssse3 sdbg fma cx16 xtpr pdcm pcid sse4_1 sse4_2 x2apic movbe popcnt tsc_deadline_timer aes xsave avx f16c rdrand lahf_lm abm 3dnowprefetch epb invpcid_single kaiser tpr_shadow vnmi flexpriority ept vpid fsgsbase tsc_adjust bmi1 avx2 smep bmi2 erms invpcid rdseed adx smap intel_pt xsaveopt dtherm ida arat pln pts
bugs		: cpu_meltdown spectre_v1 spectre_v2 spec_store_bypass l1tf
bogomips	: 4389.85
clflush size	: 64
cache_alignment	: 64
address sizes	: 39 bits physical, 48 bits virtual
power management:

processor	: 1
vendor_id	: GenuineIntel
cpu family	: 6
model		: 61
model name	: Intel(R) Core(TM) i5-5200U CPU @ 2.20GHz
stepping	: 4
microcode	: 0x22
cpu MHz		: 2499.975
cache size	: 3072 KB
physical id	: 0
siblings	: 4
core id		: 1
cpu cores	: 2
apicid		: 2
initial apicid	: 2
fpu		: yes
fpu_exception	: yes
cpuid level	: 20
wp		: yes
flags		: fpu vme de pse tsc msr pae mce cx8 apic sep mtrr pge mca cmov pat pse36 clflush dts acpi mmx fxsr sse sse2 ss ht tm pbe syscall nx pdpe1gb rdtscp lm constant_tsc arch_perfmon pebs bts rep_good nopl xtopology nonstop_tsc aperfmperf pni pclmulqdq dtes64 monitor ds_cpl vmx est tm2 ssse3 sdbg fma cx16 xtpr pdcm pcid sse4_1 sse4_2 x2apic movbe popcnt tsc_deadline_timer aes xsave avx f16c rdrand lahf_lm abm 3dnowprefetch epb invpcid_single kaiser tpr_shadow vnmi flexpriority ept vpid fsgsbase tsc_adjust bmi1 avx2 smep bmi2 erms invpcid rdseed adx smap intel_pt xsaveopt dtherm ida arat pln pts
bugs		: cpu_meltdown spectre_v1 spectre_v2 spec_store_bypass l1tf
bogomips	: 4389.85
clflush size	: 64
cache_alignment	: 64
address sizes	: 39 bits physical, 48 bits virtual
power management:

processor	: 2
vendor_id	: GenuineIntel
cpu family	: 6
model		: 61
model name	: Intel(R) Core(TM) i5-5200U CPU @ 2.20GHz
stepping	: 4
microcode	: 0x22
cpu MHz		: 2499.975
cache size	: 3072 KB
physical id	: 0
siblings	: 4
core id		: 0
cpu cores	: 2
apicid		: 1
initial apicid	: 1
fpu		: yes
fpu_exception	: yes
cpuid level	: 20
wp		: yes
flags		: fpu vme de pse tsc msr pae mce cx8 apic sep mtrr pge mca cmov pat pse36 clflush dts acpi mmx fxsr sse sse2 ss ht tm pbe syscall nx pdpe1gb rdtscp lm constant_tsc arch_perfmon pebs bts rep_good nopl xtopology nonstop_tsc aperfmperf pni pclmulqdq dtes64 monitor ds_cpl vmx est tm2 ssse3 sdbg fma cx16 xtpr pdcm pcid sse4_1 sse4_2 x2apic movbe popcnt tsc_deadline_timer aes xsave avx f16c rdrand lahf_lm abm 3dnowprefetch epb invpcid_single kaiser tpr_shadow vnmi flexpriority ept vpid fsgsbase tsc_adjust bmi1 avx2 smep bmi2 erms invpcid rdseed adx smap intel_pt xsaveopt dtherm ida arat pln pts
bugs		: cpu_meltdown spectre_v1 spectre_v2 spec_store_bypass l1tf
bogomips	: 4389.85
clflush size	: 64
cache_alignment	: 64
address sizes	: 39 bits physical, 48 bits virtual
power management:

processor	: 3
vendor_id	: GenuineIntel
cpu family	: 6
model		: 61
model name	: Intel(R) Core(TM) i5-5200U CPU @ 2.20GHz
stepping	: 4
microcode	: 0x22
cpu MHz		: 2499.841
cache size	: 3072 KB
physical id	: 0
siblings	: 4
core id		: 1
cpu cores	: 2
apicid		: 3
initial apicid	: 3
fpu		: yes
fpu_exception	: yes
cpuid level	: 20
wp		: yes
flags		: fpu vme de pse tsc msr pae mce cx8 apic sep mtrr pge mca cmov pat pse36 clflush dts acpi mmx fxsr sse sse2 ss ht tm pbe syscall nx pdpe1gb rdtscp lm constant_tsc arch_perfmon pebs bts rep_good nopl xtopology nonstop_tsc aperfmperf pni pclmulqdq dtes64 monitor ds_cpl vmx est tm2 ssse3 sdbg fma cx16 xtpr pdcm pcid sse4_1 sse4_2 x2apic movbe popcnt tsc_deadline_timer aes xsave avx f16c rdrand lahf_lm abm 3dnowprefetch epb invpcid_single kaiser tpr_shadow vnmi flexpriority ept vpid fsgsbase tsc_adjust bmi1 avx2 smep bmi2 erms invpcid rdseed adx smap intel_pt xsaveopt dtherm ida arat pln pts
bugs		: cpu_meltdown spectre_v1 spectre_v2 spec_store_bypass l1tf
bogomips	: 4389.85
clflush size	: 64
cache_alignment	: 64
address sizes	: 39 bits physical, 48 bits virtual
power management:



Memory: 4k page, physical 8081288k(696252k free), swap 0k(0k free)

vm_info: OpenJDK 64-Bit Server VM (25.212-b01) for linux-amd64 JRE (1.8.0_212-8u212-b01-1~deb9u1-b01), built on Mar 18 2019 23:06:47 by "jmm" with gcc 6.3.0 20170516

time: Wed Apr 10 23:28:04 2019
timezone: -03
elapsed time: 34885 seconds (0d 9h 41m 25s)

